[19:43:25] - [B| PCS| GDR| MAR00000| xxxx2200| xxxx2200| xxxx2200| xxx00050| xxx00050| xxx00050| xxxx+000| xxxx+000| xxxx+000| Z| ]
[19:43:25] - [B| GDR| PCS| ACK0 000| Z| ] 
[19:43:25] - [B| PCS| GDR| STD00000| Z| ]
[19:43:25] - [B| GDR| PCS| ACK0 000| Z| ] 
[19:43:25] - [B| PCS| PAT| MAR00000| xxxx2200| xxxx2200| xxxx2200| xxx00050| xxx00050| xxx00050| xxxx+000| xxxx+000| xxxx+000| Z| ]
[19:43:25] - [B| PAT| PCS| ACK00000| Z| 2] 
[19:43:25] - [B| PCS| CAL| TS2xxxxx| 1234567891| 00000015| P0101200| P0201200| P0300750| P04     | P06     | P07     | P08     | P09     | P10     | P11     | P12     | P13     | P14     | P15     | P16     | P17     | P18     | P19     | P20     | Z| ]
[19:43:25] - [B| CAL| PCS| ACK00000| Z| ] 
[19:43:25] - [B| PCS| PAT| STD00000| Z| ]
[19:43:25] - [B| PAT| PCS| 1234567891| 00002133| 00002153| 00002162| 00000042| 00000052| 00000054| 0000+001| 0000+003| 0000+004| Z| %] 
[19:43:25] - [B| PCS| CAL| STD00000| Z| ]
[19:43:25] - [B| CAL| PCS| P01+0000| P02+0000| P03+0000| P04+0000| P05+0000| P06+0000| P07+0000| P08+0000| P09+0000| P10+0000| P11+0000| P12+0000| P13+0000| P14+0000| P15+0000| P16+0000| P17+0000| P18+0000| P19+0000| P20+0000| Z] 
[19:43:25] - [B| PCS| PAT| STD00000| Z| ]
[19:43:25] - [B| PAT| PCS| 1234567891| 00002165| 00002195| 00002182| 00000056| 00000054| 00000041| 0000+008| 0000+007| 0000+008| Z| %] 
[19:43:25] - [B| PCS| CAL| STD00000| Z| ]
[19:43:25] - [B| CAL| PCS| P01+0000| P02+0000| P03+0000| P04+0000| P05+0000| P06+0000| P07+0000| P08+0000| P09+0000| P10+0000| P11+0000| P12+0000| P13+0000| P14+0000| P15+0000| P16+0000| P17+0000| P18+0000| P19+0000| P20+0000| Z] 
[19:43:25] - [B| PCS| PAT| STD00000| Z| ]
[19:43:25] - [B| PAT| PCS| 1234567891| 00002150| 00002144| 00002196| 00000054| 00000050| 00000043| 0000+004| 0000+008| 0000+004| Z| %] 
[19:43:25] - [B| PCS| CAL| STD00000| Z| ]
[19:43:25] - [B| CAL| PCS| P01+0001| P02+0001| P03+0001| P04+0001| P05+0001| P06+0001| P07+0001| P08+0001| P09+0001| P10+0001| P11+0001| P12+0001| P13+0001| P14+0001| P15+0001| P16+0001| P17+0001| P18+0001| P19+0001| P20+0001| Z] 
[19:43:25] - [B| PCS| PAT| STD00000| Z| ]
[19:43:25] - [B| PAT| PCS| 1234567891| 00002178| 00002216| 00002155| 00000041| 00000053| 00000053| 0000+005| 0000+006| 0000+003| Z| %] 
[19:43:25] - [B| PCS| CAL| STD00000| Z| ]
[19:43:25] - [B| CAL| PCS| P01+0001| P02+0001| P03+0001| P04+0001| P05+0001| P06+0001| P07+0001| P08+0001| P09+0001| P10+0001| P11+0001| P12+0001| P13+0001| P14+0001| P15+0001| P16+0001| P17+0001| P18+0001| P19+0001| P20+0001| Z] 
[19:43:25] - [B| PCS| PAT| STD00000| Z| ]
[19:43:25] - [B| PAT| PCS| 1234567891| 00002124| 00002218| 00002207| 00000046| 00000057| 00000045| 0000+001| 0000+001| 0000+008| Z| %] 
[19:43:25] - [B| PCS| CAL| STD00000| Z| ]
[19:43:25] - [B| CAL| PCS| P01+0001| P02+0001| P03+0001| P04+0001| P05+0001| P06+0001| P07+0001| P08+0001| P09+0001| P10+0001| P11+0001| P12+0001| P13+0001| P14+0001| P15+0001| P16+0001| P17+0001| P18+0001| P19+0001| P20+0001| Z] 
[19:43:25] - [B| PCS| PAT| STD00000| Z| ]
[19:43:25] - [B| PAT| PCS| 1234567891| 00002115| 00002210| 00002124| 00000050| 00000056| 00000050| 0000+003| 0000+001| 0000+007| Z| %] 
[19:43:25] - [B| PCS| CAL| STD00000| Z| ]
[19:43:25] - [B| CAL| PCS| P01+0002| P02+0002| P03+0002| P04+0002| P05+0002| P06+0002| P07+0002| P08+0002| P09+0002| P10+0002| P11+0002| P12+0002| P13+0002| P14+0002| P15+0002| P16+0002| P17+0002| P18+0002| P19+0002| P20+0002| Z] 
[19:43:25] - [B| PCS| PAT| STD00000| Z| ]
[19:43:25] - [B| PAT| PCS| 1234567891| 00002140| 00002200| 00002187| 00000047| 00000048| 00000057| 0000+005| 0000+004| 0000+001| Z| %] 
[19:43:25] - [B| PCS| CAL| STD00000| Z| ]
[19:43:25] - [B| CAL| PCS| P01+0002| P02+0002| P03+0002| P04+0002| P05+0002| P06+0002| P07+0002| P08+0002| P09+0002| P10+0002| P11+0002| P12+0002| P13+0002| P14+0002| P15+0002| P16+0002| P17+0002| P18+0002| P19+0002| P20+0002| Z] 
[19:43:25] - [B| PCS| GDR| STP00000| Z| ]
[19:43:25] - [B| GDR| PCS| ACK0 000| Z| ] 
[19:43:25] - [B| PCS| PAT| STP00000| Z| ]
[19:43:25] - [B| PAT| PCS| ACK00000| Z| 2] 
[19:43:25] - [B| PCS| CAL| STP00000| Z| ]
[19:43:25] - [B| CAL| PCS| ACK00000| Z| ] 