[2022-10-22 19:42:10.270] [info]  B| PCS| GDR| MAR00000| xxxx2200| xxxx2200| xxxx2200| xxx00050| xxx00050| xxx00050| xxxx+000| xxxx+000| xxxx+000| Z| 
[2022-10-22 19:42:10.277] [info]  B| GDR| PCS| ACK0 000| Z| 
[2022-10-22 19:42:10.278] [info]  B| PCS| GDR| STD00000| Z| 
[2022-10-22 19:42:10.278] [info]  B| GDR| PCS| ACK0 000| Z| 
[2022-10-22 19:42:10.279] [info]  B| PCS| PAT| MAR00000| xxxx2200| xxxx2200| xxxx2200| xxx00050| xxx00050| xxx00050| xxxx+000| xxxx+000| xxxx+000| Z| 
[2022-10-22 19:42:10.280] [info]  B| PAT| PCS| ACK00000| Z| 2
[2022-10-22 19:42:10.280] [info]  B| PCS| CAL| TS2xxxxx| 1234567891| 00000015| P0101200| P0201200| P0300750| P04     | P06     | P07     | P08     | P09     | P10     | P11     | P12     | P13     | P14     | P15     | P16     | P17     | P18     | P19     | P20     | Z| 
[2022-10-22 19:42:10.281] [info]  B| CAL| PCS| ACK00000| Z| 
[2022-10-22 19:42:10.281] [info]  B| PCS| PAT| STD00000| Z| 
[2022-10-22 19:42:10.282] [info]  B| PAT| PCS| 1234567891| 00002125| 00002184| 00002212| 00000046| 00000050| 00000048| 0000+007| 0000+007| 0000+003| Z| %
[2022-10-22 19:42:10.282] [info]  B| PCS| CAL| STD00000| Z| 
[2022-10-22 19:42:12.794] [info]  B| CAL| PCS| P01+0000| P02+0000| P03+0000| P04+0000| P05+0000| P06+0000| P07+0000| P08+0000| P09+0000| P10+0000| P11+0000| P12+0000| P13+0000| P14+0000| P15+0000| P16+0000| P17+0000| P18+0000| P19+0000| P20+0000| Z
[2022-10-22 19:42:12.795] [info]  B| PCS| PAT| STD00000| Z| 
[2022-10-22 19:42:12.796] [info]  B| PAT| PCS| 1234567891| 00002127| 00002195| 00002191| 00000041| 00000044| 00000058| 0000+008| 0000+001| 0000+001| Z| %
[2022-10-22 19:42:12.796] [info]  B| PCS| CAL| STD00000| Z| 
[2022-10-22 19:42:12.797] [info]  B| CAL| PCS| P01+0000| P02+0000| P03+0000| P04+0000| P05+0000| P06+0000| P07+0000| P08+0000| P09+0000| P10+0000| P11+0000| P12+0000| P13+0000| P14+0000| P15+0000| P16+0000| P17+0000| P18+0000| P19+0000| P20+0000| Z
[2022-10-22 19:42:12.797] [info]  B| PCS| PAT| STD00000| Z| 
[2022-10-22 19:42:12.797] [info]  B| PAT| PCS| 1234567891| 00002161| 00002135| 00002173| 00000046| 00000050| 00000045| 0000+007| 0000+005| 0000+005| Z| %
[2022-10-22 19:42:12.798] [info]  B| PCS| CAL| STD00000| Z| 
[2022-10-22 19:42:12.799] [info]  B| CAL| PCS| P01+0001| P02+0001| P03+0001| P04+0001| P05+0001| P06+0001| P07+0001| P08+0001| P09+0001| P10+0001| P11+0001| P12+0001| P13+0001| P14+0001| P15+0001| P16+0001| P17+0001| P18+0001| P19+0001| P20+0001| Z
[2022-10-22 19:42:12.799] [info]  B| PCS| PAT| STD00000| Z| 
[2022-10-22 19:42:12.800] [info]  B| PAT| PCS| 1234567891| 00002159| 00002171| 00002157| 00000044| 00000046| 00000056| 0000+004| 0000+004| 0000+007| Z| %
[2022-10-22 19:42:15.807] [info]  B| PCS| CAL| STD00000| Z| 
[2022-10-22 19:42:15.808] [info]  B| CAL| PCS| P01+0001| P02+0001| P03+0001| P04+0001| P05+0001| P06+0001| P07+0001| P08+0001| P09+0001| P10+0001| P11+0001| P12+0001| P13+0001| P14+0001| P15+0001| P16+0001| P17+0001| P18+0001| P19+0001| P20+0001| Z
[2022-10-22 19:42:15.808] [info]  B| PCS| PAT| STD00000| Z| 
[2022-10-22 19:42:15.809] [info]  B| PAT| PCS| 1234567891| 00002216| 00002191| 00002132| 00000056| 00000057| 00000051| 0000+006| 0000+003| 0000+004| Z| %
[2022-10-22 19:42:15.809] [info]  B| PCS| CAL| STD00000| Z| 
[2022-10-22 19:42:15.809] [info]  B| CAL| PCS| P01+0001| P02+0001| P03+0001| P04+0001| P05+0001| P06+0001| P07+0001| P08+0001| P09+0001| P10+0001| P11+0001| P12+0001| P13+0001| P14+0001| P15+0001| P16+0001| P17+0001| P18+0001| P19+0001| P20+0001| Z
[2022-10-22 19:42:15.810] [info]  B| PCS| PAT| STD00000| Z| 
[2022-10-22 19:42:15.810] [info]  B| PAT| PCS| 1234567891| 00002136| 00002169| 00002196| 00000050| 00000048| 00000058| 0000+001| 0000+008| 0000+006| Z| %
[2022-10-22 19:42:15.811] [info]  B| PCS| CAL| STD00000| Z| 
[2022-10-22 19:42:15.811] [info]  B| CAL| PCS| P01+0002| P02+0002| P03+0002| P04+0002| P05+0002| P06+0002| P07+0002| P08+0002| P09+0002| P10+0002| P11+0002| P12+0002| P13+0002| P14+0002| P15+0002| P16+0002| P17+0002| P18+0002| P19+0002| P20+0002| Z
[2022-10-22 19:42:15.811] [info]  B| PCS| PAT| STD00000| Z| 
[2022-10-22 19:42:25.808] [info]  B| PAT| PCS| 1234567891| 00002186| 00002211| 00002113| 00000045| 00000044| 00000057| 0000+006| 0000+002| 0000+002| Z| %
[2022-10-22 19:42:25.810] [info]  B| PCS| CAL| STD00000| Z| 
[2022-10-22 19:42:25.810] [info]  B| CAL| PCS| P01+0002| P02+0002| P03+0002| P04+0002| P05+0002| P06+0002| P07+0002| P08+0002| P09+0002| P10+0002| P11+0002| P12+0002| P13+0002| P14+0002| P15+0002| P16+0002| P17+0002| P18+0002| P19+0002| P20+0002| Z
[2022-10-22 19:42:25.811] [info]  B| PCS| GDR| STP00000| Z| 
[2022-10-22 19:42:25.811] [info]  B| GDR| PCS| ACK0 000| Z| 
[2022-10-22 19:42:25.812] [info]  B| PCS| PAT| STP00000| Z| 
[2022-10-22 19:42:25.812] [info]  B| PAT| PCS| ACK00000| Z| 2
[2022-10-22 19:42:25.812] [info]  B| PCS| CAL| STP00000| Z| 
[2022-10-22 19:42:25.813] [info]  B| CAL| PCS| ACK00000| Z| 
[2022-10-22 19:49:43.446] [info]  B| PCS| GDR| MAR00000| xxxx2200| xxxx2200| xxxx2200| xxx00050| xxx00050| xxx00050| xxxx+000| xxxx+000| xxxx+000| Z| 
[2022-10-22 19:49:43.448] [info]  B| GDR| PCS| ACK0 000| Z| 
[2022-10-22 19:49:43.448] [info]  B| PCS| GDR| STD00000| Z| 
[2022-10-22 19:49:43.449] [info]  B| GDR| PCS| ACK0 000| Z| 
[2022-10-22 19:49:43.449] [info]  B| PCS| PAT| MAR00000| xxxx2200| xxxx2200| xxxx2200| xxx00050| xxx00050| xxx00050| xxxx+000| xxxx+000| xxxx+000| Z| 
[2022-10-22 19:49:43.449] [info]  B| PAT| PCS| ACK00000| Z| 2
[2022-10-22 19:49:43.450] [info]  B| PCS| CAL| TS2xxxxx| 1234567891| 00000015| P0101200| P0201200| P0300750| P04     | P06     | P07     | P08     | P09     | P10     | P11     | P12     | P13     | P14     | P15     | P16     | P17     | P18     | P19     | P20     | Z| 
[2022-10-22 19:49:43.450] [info]  B| CAL| PCS| ACK00000| Z| 
[2022-10-22 19:49:43.450] [info]  B| PCS| PAT| STD00000| Z| 
[2022-10-22 19:49:43.450] [info]  B| PAT| PCS| 1234567891| 00002218| 00002143| 00002206| 00000042| 00000057| 00000053| 0000+007| 0000+005| 0000+008| Z| %
[2022-10-22 19:49:46.314] [info]  B| PCS| CAL| STD00000| Z| 
[2022-10-22 19:49:46.315] [info]  B| CAL| PCS| P01+0000| P02+0000| P03+0000| P04+0000| P05+0000| P06+0000| P07+0000| P08+0000| P09+0000| P10+0000| P11+0000| P12+0000| P13+0000| P14+0000| P15+0000| P16+0000| P17+0000| P18+0000| P19+0000| P20+0000| Z
[2022-10-22 19:49:46.316] [info]  B| PCS| PAT| STD00000| Z| 
[2022-10-22 19:49:46.316] [info]  B| PAT| PCS| 1234567891| 00002136| 00002200| 00002133| 00000053| 00000044| 00000050| 0000+006| 0000+003| 0000+006| Z| %
[2022-10-22 19:49:46.317] [info]  B| PCS| CAL| STD00000| Z| 
[2022-10-22 19:49:46.317] [info]  B| CAL| PCS| P01+0000| P02+0000| P03+0000| P04+0000| P05+0000| P06+0000| P07+0000| P08+0000| P09+0000| P10+0000| P11+0000| P12+0000| P13+0000| P14+0000| P15+0000| P16+0000| P17+0000| P18+0000| P19+0000| P20+0000| Z
[2022-10-22 19:49:46.318] [info]  B| PCS| PAT| STD00000| Z| 
[2022-10-22 19:49:46.318] [info]  B| PAT| PCS| 1234567891| 00002161| 00002121| 00002118| 00000055| 00000058| 00000058| 0000+003| 0000+007| 0000+006| Z| %
[2022-10-22 19:49:46.319] [info]  B| PCS| CAL| STD00000| Z| 
[2022-10-22 19:49:46.319] [info]  B| CAL| PCS| P01+0001| P02+0001| P03+0001| P04+0001| P05+0001| P06+0001| P07+0001| P08+0001| P09+0001| P10+0001| P11+0001| P12+0001| P13+0001| P14+0001| P15+0001| P16+0001| P17+0001| P18+0001| P19+0001| P20+0001| Z
[2022-10-22 19:49:46.320] [info]  B| PCS| PAT| STD00000| Z| 
[2022-10-22 19:49:48.836] [info]  B| PAT| PCS| 1234567891| 00002125| 00002177| 00002143| 00000046| 00000051| 00000048| 0000+002| 0000+008| 0000+002| Z| %
[2022-10-22 19:49:48.837] [info]  B| PCS| CAL| STD00000| Z| 
[2022-10-22 19:49:48.837] [info]  B| CAL| PCS| P01+0001| P02+0001| P03+0001| P04+0001| P05+0001| P06+0001| P07+0001| P08+0001| P09+0001| P10+0001| P11+0001| P12+0001| P13+0001| P14+0001| P15+0001| P16+0001| P17+0001| P18+0001| P19+0001| P20+0001| Z
[2022-10-22 19:49:48.837] [info]  B| PCS| PAT| STD00000| Z| 
[2022-10-22 19:49:48.838] [info]  B| PAT| PCS| 1234567891| 00002218| 00002149| 00002122| 00000050| 00000052| 00000041| 0000+001| 0000+004| 0000+001| Z| %
[2022-10-22 19:49:48.838] [info]  B| PCS| CAL| STD00000| Z| 
[2022-10-22 19:49:48.839] [info]  B| CAL| PCS| P01+0001| P02+0001| P03+0001| P04+0001| P05+0001| P06+0001| P07+0001| P08+0001| P09+0001| P10+0001| P11+0001| P12+0001| P13+0001| P14+0001| P15+0001| P16+0001| P17+0001| P18+0001| P19+0001| P20+0001| Z
[2022-10-22 19:49:48.839] [info]  B| PCS| PAT| STD00000| Z| 
[2022-10-22 19:49:48.839] [info]  B| PAT| PCS| 1234567891| 00002147| 00002146| 00002132| 00000043| 00000058| 00000054| 0000+006| 0000+004| 0000+007| Z| %
[2022-10-22 19:49:48.840] [info]  B| PCS| CAL| STD00000| Z| 
[2022-10-22 19:49:48.840] [info]  B| CAL| PCS| P01+0002| P02+0002| P03+0002| P04+0002| P05+0002| P06+0002| P07+0002| P08+0002| P09+0002| P10+0002| P11+0002| P12+0002| P13+0002| P14+0002| P15+0002| P16+0002| P17+0002| P18+0002| P19+0002| P20+0002| Z
[2022-10-22 19:49:58.837] [info]  B| PCS| PAT| STD00000| Z| 
[2022-10-22 19:49:58.839] [info]  B| PAT| PCS| 1234567891| 00002146| 00002113| 00002155| 00000047| 00000041| 00000045| 0000+007| 0000+004| 0000+003| Z| %
[2022-10-22 19:49:58.840] [info]  B| PCS| CAL| STD00000| Z| 
[2022-10-22 19:49:58.841] [info]  B| CAL| PCS| P01+0002| P02+0002| P03+0002| P04+0002| P05+0002| P06+0002| P07+0002| P08+0002| P09+0002| P10+0002| P11+0002| P12+0002| P13+0002| P14+0002| P15+0002| P16+0002| P17+0002| P18+0002| P19+0002| P20+0002| Z
[2022-10-22 19:49:58.841] [info]  B| PCS| GDR| STP00000| Z| 
[2022-10-22 19:49:58.842] [info]  B| GDR| PCS| ACK0 000| Z| 
[2022-10-22 19:49:58.843] [info]  B| PCS| PAT| STP00000| Z| 
[2022-10-22 19:49:58.843] [info]  B| PAT| PCS| ACK00000| Z| 2
[2022-10-22 19:49:58.843] [info]  B| PCS| CAL| STP00000| Z| 
[2022-10-22 19:49:58.844] [info]  B| CAL| PCS| ACK00000| Z| 
